<?xml version="1.0" encoding="UTF-8"?>
<!-- Generated by org.testng.reporters.JUnitReportReporter -->
<testsuite hostname="LAPTOP-VHU16K3T" failures="0" tests="1" name="TestCases.TC_004CheckoutOverviewTest" time="11.072" errors="0" timestamp="2025-01-23T21:17:00 IST" skipped="0">
  <testcase classname="TestCases.TC_004CheckoutOverviewTest" name="overviewPagevalidations" time="11.072"/>
</testsuite> <!-- TestCases.TC_004CheckoutOverviewTest -->
