<?xml version="1.0" encoding="UTF-8"?>
<!-- Generated by org.testng.reporters.JUnitReportReporter -->
<testsuite hostname="LAPTOP-VHU16K3T" failures="0" tests="1" name="TestCases.TC_006CartTest" time="10.589" errors="0" timestamp="2025-01-23T20:50:24 IST" skipped="0">
  <testcase classname="TestCases.TC_006CartTest" name="validateCartProduct" time="10.589"/>
</testsuite> <!-- TestCases.TC_006CartTest -->
