<?xml version="1.0" encoding="UTF-8"?>
<!-- Generated by org.testng.reporters.JUnitReportReporter -->
<testsuite hostname="LAPTOP-VHU16K3T" failures="0" tests="1" name="TestCases.TC_003CheckoutInfoTest" time="11.071" errors="0" timestamp="2025-01-23T21:07:39 IST" skipped="0">
  <testcase classname="TestCases.TC_003CheckoutInfoTest" name="checkoutInfoFill" time="11.071"/>
</testsuite> <!-- TestCases.TC_003CheckoutInfoTest -->
