<?xml version="1.0" encoding="UTF-8"?>
<!-- Generated by org.testng.reporters.JUnitReportReporter -->
<testsuite hostname="LAPTOP-VHU16K3T" failures="0" tests="2" name="TestCases.TC_001LoginTest" time="0.804" errors="0" timestamp="2025-01-23T23:44:43 IST" skipped="0">
  <testcase classname="TestCases.TC_001LoginTest" name="loginTest" time="0.392"/>
  <testcase classname="TestCases.TC_001LoginTest" name="loginTest" time="0.412"/>
</testsuite> <!-- TestCases.TC_001LoginTest -->
