<?xml version="1.0" encoding="UTF-8"?>
<!-- Generated by org.testng.reporters.JUnitReportReporter -->
<testsuite hostname="LAPTOP-VHU16K3T" failures="0" tests="2" name="TestCases.TC_005CheckoutOverviewTest" time="22.127" errors="0" timestamp="2025-01-23T23:44:43 IST" skipped="0">
  <testcase classname="TestCases.TC_005CheckoutOverviewTest" name="overviewPagevalidations" time="11.080"/>
  <testcase classname="TestCases.TC_005CheckoutOverviewTest" name="overviewPagevalidations" time="11.047"/>
</testsuite> <!-- TestCases.TC_005CheckoutOverviewTest -->
