<?xml version="1.0" encoding="UTF-8"?>
<!-- Generated by org.testng.reporters.JUnitReportReporter -->
<testsuite hostname="LAPTOP-VHU16K3T" failures="0" tests="1" name="TestCases.TC_005Complete_EndToEndTesst" time="19.653" errors="0" timestamp="2025-01-23T21:37:41 IST" skipped="0">
  <testcase classname="TestCases.TC_005Complete_EndToEndTesst" name="completeEntToEndTest" time="19.653"/>
</testsuite> <!-- TestCases.TC_005Complete_EndToEndTesst -->
